#
# A fatal error has been detected by the Java Runtime Environment:
#
#  EXCEPTION_ACCESS_VIOLATION (0xc0000005) at pc=0x04ef8a7a, pid=6128, tid=4980
#
# JRE version: 6.0_26-b03
# Java VM: Java HotSpot(TM) Client VM (20.1-b02 mixed mode, sharing windows-x86 )
# Problematic frame:
# C  [ig4icd32.dll+0x98a7a]
#
# If you would like to submit a bug report, please visit:
#   http://java.sun.com/webapps/bugreport/crash.jsp
# The crash happened outside the Java Virtual Machine in native code.
# See problematic frame for where to report the bug.
#

---------------  T H R E A D  ---------------

Current thread (0x01d49000):  JavaThread "main" [_thread_in_native, id=4980, stack(0x00210000,0x00260000)]

siginfo: ExceptionCode=0xc0000005, reading address 0x00000000

Registers:
EAX=0x00000000, EBX=0x0000003c, ECX=0x07043f40, EDX=0x05f005a0
ESP=0x0025fab0, EBP=0x0025fb54, ESI=0x00000024, EDI=0x07048400
EIP=0x04ef8a7a, EFLAGS=0x00010202

Top of Stack: (sp=0x0025fab0)
0x0025fab0:   00000000 00663e68 00080038 00000000
0x0025fac0:   00663e68 ffffffff 00000000 00000010
0x0025fad0:   00000018 0000003c 0000000c 05fa91c0
0x0025fae0:   43700000 43700000 43700000 43700000
0x0025faf0:   00000004 0025fb5c 00000001 00000000
0x0025fb00:   4740f000 4740f000 4740f000 4740f000
0x0025fb10:   47414000 47414000 47414000 47414000
0x0025fb20:   3effff00 3effff00 3effff00 3effff00 

Instructions: (pc=0x04ef8a7a)
0x04ef8a5a:   24 24 83 44 24 1c 10 83 fb 04 7d 14 83 fb 03 8b
0x04ef8a6a:   f0 7d 04 89 44 24 20 83 fb 02 7d 04 89 44 24 28
0x04ef8a7a:   0f 12 00 8b 5c 24 28 0f 16 03 8b 5c 24 20 0f 12
0x04ef8a8a:   13 0f 16 16 0f 28 c8 0f c6 c2 dd 0f c6 ca 88 0f 


Register to memory mapping:

EAX=0x00000000 is an unknown value
EBX=0x0000003c is an unknown value
ECX=0x07043f40 is an unknown value
EDX=0x05f005a0 is an unknown value
ESP=0x0025fab0 is pointing into the stack for thread: 0x01d49000
EBP=0x0025fb54 is pointing into the stack for thread: 0x01d49000
ESI=0x00000024 is an unknown value
EDI=0x07048400 is an unknown value


Stack: [0x00210000,0x00260000],  sp=0x0025fab0,  free space=318k
Native frames: (J=compiled Java code, j=interpreted, Vv=VM code, C=native code)
C  [ig4icd32.dll+0x98a7a]

Java frames: (J=compiled Java code, j=interpreted, Vv=VM code)
j  org.lwjgl.opengl.GL11.nglDrawArrays(IIIJ)V+0
j  org.lwjgl.opengl.GL11.glDrawArrays(III)V+20
j  glTest.Test3D.render()V+77
j  glTest.Test3D.<init>()V+134
j  glTest.Test3D.main([Ljava/lang/String;)V+3
v  ~StubRoutines::call_stub

---------------  P R O C E S S  ---------------

Java Threads: ( => current thread )
  0x0250bc00 JavaThread "Low Memory Detector" daemon [_thread_blocked, id=4396, stack(0x04920000,0x04970000)]
  0x02507000 JavaThread "C1 CompilerThread0" daemon [_thread_blocked, id=380, stack(0x04890000,0x048e0000)]
  0x02504000 JavaThread "Attach Listener" daemon [_thread_blocked, id=1660, stack(0x04800000,0x04850000)]
  0x02501000 JavaThread "Signal Dispatcher" daemon [_thread_blocked, id=6064, stack(0x04770000,0x047c0000)]
  0x024fa800 JavaThread "Finalizer" daemon [_thread_blocked, id=4304, stack(0x046e0000,0x04730000)]
  0x024f9400 JavaThread "Reference Handler" daemon [_thread_blocked, id=3632, stack(0x04650000,0x046a0000)]
=>0x01d49000 JavaThread "main" [_thread_in_native, id=4980, stack(0x00210000,0x00260000)]

Other Threads:
  0x024bc800 VMThread [stack: 0x045c0000,0x04610000] [id=3928]
  0x02525800 WatcherThread [stack: 0x049b0000,0x04a00000] [id=5040]

VM state:not at safepoint (normal execution)

VM Mutex/Monitor currently owned by a thread: None

Heap
 def new generation   total 4928K, used 1113K [0x244d0000, 0x24a20000, 0x29a20000)
  eden space 4416K,  13% used [0x244d0000, 0x245664e8, 0x24920000)
  from space 512K, 100% used [0x249a0000, 0x24a20000, 0x24a20000)
  to   space 512K,   0% used [0x24920000, 0x24920000, 0x249a0000)
 tenured generation   total 10944K, used 962K [0x29a20000, 0x2a4d0000, 0x344d0000)
   the space 10944K,   8% used [0x29a20000, 0x29b10a30, 0x29b10c00, 0x2a4d0000)
 compacting perm gen  total 12288K, used 1102K [0x344d0000, 0x350d0000, 0x384d0000)
   the space 12288K,   8% used [0x344d0000, 0x345e3a88, 0x345e3c00, 0x350d0000)
    ro space 10240K,  51% used [0x384d0000, 0x389fdff8, 0x389fe000, 0x38ed0000)
    rw space 12288K,  55% used [0x38ed0000, 0x3956c208, 0x3956c400, 0x39ad0000)

Code Cache  [0x02580000, 0x02608000, 0x04580000)
 total_blobs=261 nmethods=71 adapters=126 free_code_cache=33000704 largest_free_block=0

Dynamic libraries:
0x00400000 - 0x00424000 	C:\Program Files (x86)\Java\jre6\bin\javaw.exe
0x77490000 - 0x77610000 	C:\Windows\SysWOW64\ntdll.dll
0x75050000 - 0x75160000 	C:\Windows\syswow64\kernel32.dll
0x76890000 - 0x768d7000 	C:\Windows\syswow64\KERNELBASE.dll
0x76790000 - 0x76830000 	C:\Windows\syswow64\ADVAPI32.dll
0x74f30000 - 0x74fdc000 	C:\Windows\syswow64\msvcrt.dll
0x75570000 - 0x75589000 	C:\Windows\SysWOW64\sechost.dll
0x75480000 - 0x75570000 	C:\Windows\syswow64\RPCRT4.dll
0x74b70000 - 0x74bd0000 	C:\Windows\syswow64\SspiCli.dll
0x74b60000 - 0x74b6c000 	C:\Windows\syswow64\CRYPTBASE.dll
0x74e30000 - 0x74f30000 	C:\Windows\syswow64\USER32.dll
0x74d70000 - 0x74e00000 	C:\Windows\syswow64\GDI32.dll
0x75040000 - 0x7504a000 	C:\Windows\syswow64\LPK.dll
0x766b0000 - 0x7674d000 	C:\Windows\syswow64\USP10.dll
0x75290000 - 0x752f0000 	C:\Windows\system32\IMM32.DLL
0x768e0000 - 0x769ac000 	C:\Windows\syswow64\MSCTF.dll
0x7c340000 - 0x7c396000 	C:\Program Files (x86)\Java\jre6\bin\msvcr71.dll
0x6d7f0000 - 0x6da9f000 	C:\Program Files (x86)\Java\jre6\bin\client\jvm.dll
0x73400000 - 0x73432000 	C:\Windows\system32\WINMM.dll
0x73260000 - 0x732ac000 	C:\Windows\system32\apphelp.dll
0x6d7a0000 - 0x6d7ac000 	C:\Program Files (x86)\Java\jre6\bin\verify.dll
0x6d320000 - 0x6d33f000 	C:\Program Files (x86)\Java\jre6\bin\java.dll
0x76830000 - 0x76835000 	C:\Windows\system32\PSAPI.DLL
0x6d7e0000 - 0x6d7ef000 	C:\Program Files (x86)\Java\jre6\bin\zip.dll
0x10000000 - 0x1004c000 	C:\Users\Ben\workspace\space\lib\natives-win\lwjgl.dll
0x6adc0000 - 0x6ae88000 	C:\Windows\system32\OPENGL32.dll
0x6aba0000 - 0x6abc2000 	C:\Windows\system32\GLU32.dll
0x6aa40000 - 0x6ab27000 	C:\Windows\system32\DDRAW.dll
0x73d70000 - 0x73d76000 	C:\Windows\system32\DCIMAN32.dll
0x74bd0000 - 0x74d6d000 	C:\Windows\syswow64\SETUPAPI.dll
0x76860000 - 0x76887000 	C:\Windows\syswow64\CFGMGR32.dll
0x763d0000 - 0x7645f000 	C:\Windows\syswow64\OLEAUT32.dll
0x752f0000 - 0x7544c000 	C:\Windows\syswow64\ole32.dll
0x76840000 - 0x76852000 	C:\Windows\syswow64\DEVOBJ.dll
0x72e60000 - 0x72e73000 	C:\Windows\system32\dwmapi.dll
0x72f20000 - 0x72f29000 	C:\Windows\system32\VERSION.dll
0x749a0000 - 0x74b3e000 	C:\Windows\WinSxS\x86_microsoft.windows.common-controls_6595b64144ccf1df_6.0.7601.17514_none_41e6975e2bd6f2b2\COMCTL32.dll
0x74fe0000 - 0x75037000 	C:\Windows\syswow64\SHLWAPI.dll
0x72e80000 - 0x72f00000 	C:\Windows\system32\uxtheme.dll
0x72f00000 - 0x72f08000 	c:\PROGRA~2\mcafee\SITEAD~1\saHook.dll
0x04e60000 - 0x05902000 	C:\Windows\system32\ig4icd32.dll
0x6b0d0000 - 0x6b149000 	C:\Windows\system32\mscms.dll
0x734f0000 - 0x73507000 	C:\Windows\system32\USERENV.dll
0x734e0000 - 0x734eb000 	C:\Windows\system32\profapi.dll
0x6ab60000 - 0x6ab98000 	C:\Windows\system32\icm32.dll

VM Arguments:
jvm_args: -Djava.library.path=C:\Users\Ben\workspace\Space\lib\natives-win -Dfile.encoding=Cp1252 
java_command: glTest.Test3D
Launcher Type: SUN_STANDARD

Environment Variables:
CLASSPATH=.;C:\Program Files (x86)\Java\jre6\lib\ext\QTJava.zip
PATH=C:\Windows;C:\Windows;C:\Windows;C:\Windows;C:\Windows;C:\Windows;C:\Program Files\Common Files\Microsoft Shared\Windows Live;C:\Program Files (x86)\Common Files\Microsoft Shared\Windows Live;C:\Windows\system32;C:\Windows;C:\Windows\System32\Wbem;C:\Windows\System32\WindowsPowerShell\v1.0\;C:\Program Files (x86)\EgisTec MyWinLocker\x86;C:\Program Files (x86)\EgisTec MyWinLocker\x64;C:\Program Files (x86)\QuickTime\QTSystem\;C:\Program Files (x86)\Windows Live\Shared
USERNAME=Ben
OS=Windows_NT
PROCESSOR_IDENTIFIER=Intel64 Family 6 Model 37 Stepping 2, GenuineIntel



---------------  S Y S T E M  ---------------

OS: Windows 7 Build 7601 Service Pack 1

CPU:total 4 (2 cores per cpu, 2 threads per core) family 6 model 37 stepping 2, cmov, cx8, fxsr, mmx, sse, sse2, sse3, ssse3, sse4.1, sse4.2, popcnt, ht

Memory: 4k page, physical 3857112k(1425700k free), swap 7712368k(4907944k free)

vm_info: Java HotSpot(TM) Client VM (20.1-b02) for windows-x86 JRE (1.6.0_26-b03), built on May  4 2011 00:50:59 by "java_re" with MS VC++ 7.1 (VS2003)

time: Fri Mar 22 21:57:37 2013
elapsed time: 0 seconds

